NDK is missing a "platforms" directory.
If you are using NDK, verify the ndk.dir is set to a valid NDK directory.  It is currently set to /Users/ruirua/Library/Android/sdk/ndk-bundle.
If you are not using NDK, unset the NDK variable from ANDROID_NDK_HOME or local.properties to remove this warning.

NDK is missing a "platforms" directory.
If you are using NDK, verify the ndk.dir is set to a valid NDK directory.  It is currently set to /Users/ruirua/Library/Android/sdk/ndk-bundle.
If you are not using NDK, unset the NDK variable from ANDROID_NDK_HOME or local.properties to remove this warning.

The CompileOptions.bootClasspath property has been deprecated and is scheduled to be removed in Gradle 5.0. Please use the CompileOptions.bootstrapClasspath property instead.
The setTestClassesDir(File) method has been deprecated and is scheduled to be removed in Gradle 5.0. Please use the setTestClassesDirs(FileCollection) method instead.
The getTestClassesDir() method has been deprecated and is scheduled to be removed in Gradle 5.0. Please use the getTestClassesDirs() method instead.
The ConfigurableReport.setDestination(Object) method has been deprecated and is scheduled to be removed in Gradle 5.0. Please use the method ConfigurableReport.setDestination(File) instead.
NDK is missing a "platforms" directory.
If you are using NDK, verify the ndk.dir is set to a valid NDK directory.  It is currently set to /Users/ruirua/Library/Android/sdk/ndk-bundle.
If you are not using NDK, unset the NDK variable from ANDROID_NDK_HOME or local.properties to remove this warning.

:library:clean
:sample:clean
:zxing-android:clean
:library:preBuild UP-TO-DATE
:library:preDebugBuild UP-TO-DATE
:library:checkDebugManifest
:library:preDebugAndroidTestBuild UP-TO-DATE
:library:preDebugUnitTestBuild UP-TO-DATE
:library:preReleaseBuild UP-TO-DATE
:library:preReleaseUnitTestBuild UP-TO-DATE
:library:prepareComAndroidSupportAppcompatV72000Library
:library:prepareComAndroidSupportSupportV42000Library
:library:prepareTrepnLibraryReleaseLibrary
:zxing-android:preBuild UP-TO-DATE
:zxing-android:preReleaseBuild UP-TO-DATE
:zxing-android:checkReleaseManifest
:zxing-android:preDebugAndroidTestBuild UP-TO-DATE
:zxing-android:preDebugBuild UP-TO-DATE
:zxing-android:preDebugUnitTestBuild UP-TO-DATE
:zxing-android:preReleaseUnitTestBuild UP-TO-DATE
:zxing-android:prepareComAndroidSupportSupportV42000Library
:zxing-android:prepareTrepnLibraryReleaseLibrary
:zxing-android:prepareReleaseDependencies
:zxing-android:compileReleaseAidl
:zxing-android:compileReleaseNdk NO-SOURCE
:zxing-android:compileLint
:zxing-android:copyReleaseLint NO-SOURCE
:zxing-android:compileReleaseRenderscript
:zxing-android:generateReleaseBuildConfig
:zxing-android:generateReleaseResValues
:zxing-android:generateReleaseResources
:zxing-android:mergeReleaseResources
:zxing-android:processReleaseManifest
:zxing-android:processReleaseResources
:zxing-android:generateReleaseSources
:zxing-android:incrementalReleaseJavaCompilationSafeguard
:zxing-android:javaPreCompileRelease
:zxing-android:compileReleaseJavaWithJavacNote: Some input files use or override a deprecated API.
Note: Recompile with -Xlint:deprecation for details.

:zxing-android:extractReleaseAnnotations
:zxing-android:mergeReleaseShaders
:zxing-android:compileReleaseShaders
:zxing-android:generateReleaseAssets
:zxing-android:mergeReleaseAssets
:zxing-android:mergeReleaseProguardFiles
:zxing-android:packageReleaseRenderscript NO-SOURCE
:zxing-android:packageReleaseResources
:zxing-android:processReleaseJavaRes NO-SOURCE
:zxing-android:transformResourcesWithMergeJavaResForRelease
:zxing-android:transformClassesAndResourcesWithSyncLibJarsForRelease
:zxing-android:mergeReleaseJniLibFolders
:zxing-android:transformNativeLibsWithMergeJniLibsForRelease
:zxing-android:transformNativeLibsWithSyncJniLibsForRelease
:zxing-android:bundleRelease
:library:prepareDebugDependencies
:library:compileDebugAidl
:library:compileDebugNdk NO-SOURCE
:library:compileLint
:library:copyDebugLint NO-SOURCE
:library:compileDebugRenderscript
:library:generateDebugBuildConfig
:library:generateDebugResValues
:library:generateDebugResources
:library:mergeDebugResources
:library:processDebugManifest
:library:processDebugResources
:library:generateDebugSources
:library:incrementalDebugJavaCompilationSafeguard
:library:javaPreCompileDebug
:library:compileDebugJavaWithJavacNote: /Users/ruirua/tests/actual/1fb5a37c-c2c1-4894-bdfe-f8d3d1384b42/latest/_TRANSFORMED_/library/src/main/java/com/welcu/android/zxingfragmentlib/BarCodeScannerFragment.java uses or overrides a deprecated API.
Note: Recompile with -Xlint:deprecation for details.

:library:extractDebugAnnotations
:library:mergeDebugShaders
:library:compileDebugShaders
:library:generateDebugAssets
:library:mergeDebugAssets
:library:mergeDebugProguardFiles
:library:packageDebugRenderscript NO-SOURCE
:library:packageDebugResources
:library:processDebugJavaRes NO-SOURCE
:library:transformResourcesWithMergeJavaResForDebug
:library:transformClassesAndResourcesWithSyncLibJarsForDebug
:library:mergeDebugJniLibFolders
:library:transformNativeLibsWithMergeJniLibsForDebug
:library:transformNativeLibsWithSyncJniLibsForDebug
:library:bundleDebug
:library:compileDebugSources
:library:assembleDebug
:library:checkReleaseManifest
:library:prepareReleaseDependencies
:library:compileReleaseAidl
:library:compileReleaseNdk NO-SOURCE
:library:copyReleaseLint NO-SOURCE
:library:compileReleaseRenderscript
:library:generateReleaseBuildConfig
:library:generateReleaseResValues
:library:generateReleaseResources
:library:mergeReleaseResources
:library:processReleaseManifest
:library:processReleaseResources
:library:generateReleaseSources
:library:incrementalReleaseJavaCompilationSafeguard
:library:javaPreCompileRelease
:library:compileReleaseJavaWithJavacNote: /Users/ruirua/tests/actual/1fb5a37c-c2c1-4894-bdfe-f8d3d1384b42/latest/_TRANSFORMED_/library/src/main/java/com/welcu/android/zxingfragmentlib/BarCodeScannerFragment.java uses or overrides a deprecated API.
Note: Recompile with -Xlint:deprecation for details.

:library:extractReleaseAnnotations
:library:mergeReleaseShaders
:library:compileReleaseShaders
:library:generateReleaseAssets
:library:mergeReleaseAssets
:library:mergeReleaseProguardFiles
:library:packageReleaseRenderscript NO-SOURCE
:library:packageReleaseResources
:library:processReleaseJavaRes NO-SOURCE
:library:transformResourcesWithMergeJavaResForRelease
:library:transformClassesAndResourcesWithSyncLibJarsForRelease
:library:mergeReleaseJniLibFolders
:library:transformNativeLibsWithMergeJniLibsForRelease
:library:transformNativeLibsWithSyncJniLibsForRelease
:library:bundleRelease
:library:compileReleaseSources
:library:assembleRelease
:library:assemble
:library:lint
Ran lint on variant debug: 190 issues found
Ran lint on variant release: 176 issues found
Wrote HTML report to file:///Users/ruirua/tests/actual/1fb5a37c-c2c1-4894-bdfe-f8d3d1384b42/latest/_TRANSFORMED_/library/build/reports/lint-results.html
Wrote XML report to file:///Users/ruirua/tests/actual/1fb5a37c-c2c1-4894-bdfe-f8d3d1384b42/latest/_TRANSFORMED_/library/build/reports/lint-results.xml
:library:incrementalDebugUnitTestJavaCompilationSafeguard NO-SOURCE
:library:javaPreCompileDebugUnitTest
:library:prepareDebugUnitTestDependencies
:library:compileDebugUnitTestJavaWithJavac NO-SOURCE
:library:processDebugUnitTestJavaRes NO-SOURCE
:library:compileDebugUnitTestSources UP-TO-DATE
:library:mockableAndroidJar
:library:assembleDebugUnitTest
:library:testDebugUnitTest NO-SOURCE
:library:incrementalReleaseUnitTestJavaCompilationSafeguard NO-SOURCE
:library:javaPreCompileReleaseUnitTest
:library:prepareReleaseUnitTestDependencies
:library:compileReleaseUnitTestJavaWithJavac NO-SOURCE
:library:processReleaseUnitTestJavaRes NO-SOURCE
:library:compileReleaseUnitTestSources UP-TO-DATE
:library:assembleReleaseUnitTest
:library:testReleaseUnitTest NO-SOURCE
:library:test UP-TO-DATE
:library:check
:library:build
:sample:preBuild UP-TO-DATE
:sample:preDebugBuild UP-TO-DATE
:sample:checkDebugManifest
:sample:preReleaseBuild UP-TO-DATE
:sample:prepareComAndroidSupportAppcompatV72000Library
:sample:prepareComAndroidSupportSupportV42000Library
:sample:prepareTrepnLibraryReleaseLibrary
:sample:prepareDebugDependencies
:sample:compileDebugAidl
:sample:compileDebugRenderscript
:sample:generateDebugBuildConfig
:sample:generateDebugResValues
:sample:generateDebugResources
:sample:mergeDebugResources
:sample:processDebugManifest
:sample:processDebugResources
:sample:generateDebugSources
:sample:incrementalDebugJavaCompilationSafeguard
:sample:javaPreCompileDebug
:sample:compileDebugJavaWithJavac
:sample:compileDebugNdk NO-SOURCE
:sample:compileDebugSources
:sample:mergeDebugShaders
:sample:compileDebugShaders
:sample:generateDebugAssets
:sample:mergeDebugAssets
:sample:transformClassesWithDexForDebug

Running dex as a separate process.

To run dex in process, the Gradle daemon needs a larger heap.
It currently has 1024 MB.
For faster builds, increase the maximum heap size for the Gradle daemon to at least 2560 MB (based on the dexOptions.javaMaxHeapSize = 2g).
To do this set org.gradle.jvmargs=-Xmx2560M in the project gradle.properties.
For more information see https://docs.gradle.org/current/userguide/build_environment.html

:sample:mergeDebugJniLibFolders
:sample:transformNativeLibsWithMergeJniLibsForDebug
:sample:processDebugJavaRes NO-SOURCE
:sample:transformResourcesWithMergeJavaResForDebug
:sample:validateSigningDebug
:sample:packageDebug
:sample:assembleDebug
:sample:checkReleaseManifest
:sample:prepareReleaseDependencies
:sample:compileReleaseAidl
:sample:compileReleaseRenderscript
:sample:generateReleaseBuildConfig
:sample:generateReleaseResValues
:sample:generateReleaseResources
:sample:mergeReleaseResources
:sample:processReleaseManifest
:sample:processReleaseResources
:sample:generateReleaseSources
:sample:incrementalReleaseJavaCompilationSafeguard
:sample:javaPreCompileRelease
:sample:compileReleaseJavaWithJavac
:sample:compileReleaseNdk NO-SOURCE
:sample:compileReleaseSources
:sample:lintVitalRelease/Users/ruirua/tests/actual/1fb5a37c-c2c1-4894-bdfe-f8d3d1384b42/latest/_TRANSFORMED_/sample/src/main/res/values/strings.xml:5: Error: "title_activity_sample" is not translated in "ar" (Arabic), "bg" (Bulgarian), "ca" (Catalan), "cs" (Czech), "da" (Danish), "de" (German), "el" (Greek), "es" (Spanish), "eu" (Basque), "fi" (Finnish), "fr" (French), "he" (Hebrew), "hi" (Hindi), "hu" (Hungarian), "id" (Indonesian), "it" (Italian), "iw" (Hebrew), "ja" (Japanese), "ko" (Korean), "nl" (Dutch), "pl" (Polish), "pt" (Portuguese), "ro" (Romanian), "ru" (Russian), "sk" (Slovak), "sl" (Slovenian), "sv" (Swedish), "th" (Thai), "tr" (Turkish), "uk" (Ukrainian), "zh-CN" (Chinese: China), "zh-HK" (Chinese: Hong Kong SAR China), "zh-TW" (Chinese: Taiwan) [MissingTranslation]
    <string name="title_activity_sample">SampleActivity</string>
            ~~~~~~~~~~~~~~~~~~~~~~~~~~~~
/Users/ruirua/tests/actual/1fb5a37c-c2c1-4894-bdfe-f8d3d1384b42/latest/_TRANSFORMED_/sample/src/main/res/values/strings.xml:6: Error: "hello_world" is not translated in "ar" (Arabic), "bg" (Bulgarian), "ca" (Catalan), "cs" (Czech), "da" (Danish), "de" (German), "el" (Greek), "es" (Spanish), "eu" (Basque), "fi" (Finnish), "fr" (French), "he" (Hebrew), "hi" (Hindi), "hu" (Hungarian), "id" (Indonesian), "it" (Italian), "iw" (Hebrew), "ja" (Japanese), "ko" (Korean), "nl" (Dutch), "pl" (Polish), "pt" (Portuguese), "ro" (Romanian), "ru" (Russian), "sk" (Slovak), "sl" (Slovenian), "sv" (Swedish), "th" (Thai), "tr" (Turkish), "uk" (Ukrainian), "zh-CN" (Chinese: China), "zh-HK" (Chinese: Hong Kong SAR China), "zh-TW" (Chinese: Taiwan) [MissingTranslation]
    <string name="hello_world">Hello world!</string>
            ~~~~~~~~~~~~~~~~~~
/Users/ruirua/tests/actual/1fb5a37c-c2c1-4894-bdfe-f8d3d1384b42/latest/_TRANSFORMED_/sample/src/main/res/values/strings.xml:7: Error: "action_settings" is not translated in "ar" (Arabic), "bg" (Bulgarian), "ca" (Catalan), "cs" (Czech), "da" (Danish), "de" (German), "el" (Greek), "es" (Spanish), "eu" (Basque), "fi" (Finnish), "fr" (French), "he" (Hebrew), "hi" (Hindi), "hu" (Hungarian), "id" (Indonesian), "it" (Italian), "iw" (Hebrew), "ja" (Japanese), "ko" (Korean), "nl" (Dutch), "pl" (Polish), "pt" (Portuguese), "ro" (Romanian), "ru" (Russian), "sk" (Slovak), "sl" (Slovenian), "sv" (Swedish), "th" (Thai), "tr" (Turkish), "uk" (Ukrainian), "zh-CN" (Chinese: China), "zh-HK" (Chinese: Hong Kong SAR China), "zh-TW" (Chinese: Taiwan) [MissingTranslation]
    <string name="action_settings">Settings</string>
            ~~~~~~~~~~~~~~~~~~~~~~
/Users/ruirua/tests/actual/1fb5a37c-c2c1-4894-bdfe-f8d3d1384b42/latest/_TRANSFORMED_/sample/src/main/res/values/strings.xml:8: Error: "title_activity_launcher" is not translated in "ar" (Arabic), "bg" (Bulgarian), "ca" (Catalan), "cs" (Czech), "da" (Danish), "de" (German), "el" (Greek), "es" (Spanish), "eu" (Basque), "fi" (Finnish), "fr" (French), "he" (Hebrew), "hi" (Hindi), "hu" (Hungarian), "id" (Indonesian), "it" (Italian), "iw" (Hebrew), "ja" (Japanese), "ko" (Korean), "nl" (Dutch), "pl" (Polish), "pt" (Portuguese), "ro" (Romanian), "ru" (Russian), "sk" (Slovak), "sl" (Slovenian), "sv" (Swedish), "th" (Thai), "tr" (Turkish), "uk" (Ukrainian), "zh-CN" (Chinese: China), "zh-HK" (Chinese: Hong Kong SAR China), "zh-TW" (Chinese: Taiwan) [MissingTranslation]
    <string name="title_activity_launcher">LauncherActivity</string>
            ~~~~~~~~~~~~~~~~~~~~~~~~~~~~~~
/Users/ruirua/tests/actual/1fb5a37c-c2c1-4894-bdfe-f8d3d1384b42/latest/_TRANSFORMED_/library/src/main/res/values/strings.xml:12: Error: "preferences_decode_1D_title" is not translated in "ar" (Arabic), "bg" (Bulgarian), "ca" (Catalan), "cs" (Czech), "da" (Danish), "de" (German), "el" (Greek), "es" (Spanish), "eu" (Basque), "fi" (Finnish), "fr" (French), "he" (Hebrew), "hi" (Hindi), "hu" (Hungarian), "id" (Indonesian), "it" (Italian), "iw" (Hebrew), "ja" (Japanese), "ko" (Korean), "nl" (Dutch), "pl" (Polish), "pt" (Portuguese), "ro" (Romanian), "ru" (Russian), "sk" (Slovak), "sl" (Slovenian), "sv" (Swedish), "th" (Thai), "tr" (Turkish), "uk" (Ukrainian), "zh-CN" (Chinese: China), "zh-HK" (Chinese: Hong Kong SAR China), "zh-TW" (Chinese: Taiwan) [MissingTranslation]
    <string name="preferences_decode_1D_title">1D barcodes</string>
            ~~~~~~~~~~~~~~~~~~~~~~~~~~~~~~~~~~
/Users/ruirua/tests/actual/1fb5a37c-c2c1-4894-bdfe-f8d3d1384b42/latest/_TRANSFORMED_/library/src/main/res/values/strings.xml:34: Error: "preferences_try_bsplus" is not translated in "ar" (Arabic), "bg" (Bulgarian), "ca" (Catalan), "cs" (Czech), "da" (Danish), "de" (German), "el" (Greek), "es" (Spanish), "eu" (Basque), "fi" (Finnish), "fr" (French), "he" (Hebrew), "hi" (Hindi), "hu" (Hungarian), "id" (Indonesian), "it" (Italian), "iw" (Hebrew), "ja" (Japanese), "ko" (Korean), "nl" (Dutch), "pl" (Polish), "pt" (Portuguese), "ro" (Romanian), "ru" (Russian), "sk" (Slovak), "sl" (Slovenian), "sv" (Swedish), "th" (Thai), "tr" (Turkish), "uk" (Ukrainian), "zh-CN" (Chinese: China), "zh-HK" (Chinese: Hong Kong SAR China), "zh-TW" (Chinese: Taiwan) [MissingTranslation]
    <string name="preferences_try_bsplus">Try Barcode Scanner+</string>
            ~~~~~~~~~~~~~~~~~~~~~~~~~~~~~
/Users/ruirua/tests/actual/1fb5a37c-c2c1-4894-bdfe-f8d3d1384b42/latest/_TRANSFORMED_/library/src/main/res/values/strings.xml:35: Error: "preferences_try_bsplus_summary" is not translated in "ar" (Arabic), "bg" (Bulgarian), "ca" (Catalan), "cs" (Czech), "da" (Danish), "de" (German), "el" (Greek), "es" (Spanish), "eu" (Basque), "fi" (Finnish), "fr" (French), "he" (Hebrew), "hi" (Hindi), "hu" (Hungarian), "id" (Indonesian), "it" (Italian), "iw" (Hebrew), "ja" (Japanese), "ko" (Korean), "nl" (Dutch), "pl" (Polish), "pt" (Portuguese), "ro" (Romanian), "ru" (Russian), "sk" (Slovak), "sl" (Slovenian), "sv" (Swedish), "th" (Thai), "tr" (Turkish), "uk" (Ukrainian), "zh-CN" (Chinese: China), "zh-HK" (Chinese: Hong Kong SAR China), "zh-TW" (Chinese: Taiwan) [MissingTranslation]
    <string name="preferences_try_bsplus_summary">Enhanced with new features and interface</string>
            ~~~~~~~~~~~~~~~~~~~~~~~~~~~~~~~~~~~~~

   Explanation for issues of type "MissingTranslation":
   If an application has more than one locale, then all the strings declared
   in one language should also be translated in all other languages.

   If the string should not be translated, you can add the attribute
   translatable="false" on the <string> element, or you can define all your
   non-translatable strings in a resource file called donottranslate.xml. Or,
   you can ignore the issue with a tools:ignore="MissingTranslation"
   attribute.

   By default this detector allows regions of a language to just provide a
   subset of the strings and fall back to the standard language strings. You
   can require all regions to provide a full translation by setting the
   environment variable ANDROID_LINT_COMPLETE_REGIONS.

   You can tell lint (and other tools) which language is the default language
   in your res/values/ folder by specifying tools:locale="languageCode" for
   the root <resources> element in your resource file. (The tools prefix
   refers to the namespace declaration http://schemas.android.com/tools.)

7 errors, 0 warnings

:sample:mergeReleaseShaders
:sample:compileReleaseShaders
:sample:generateReleaseAssets
:sample:mergeReleaseAssets
:sample:transformClassesWithDexForRelease
:sample:mergeReleaseJniLibFolders
:sample:transformNativeLibsWithMergeJniLibsForRelease
:sample:processReleaseJavaRes NO-SOURCE
:sample:transformResourcesWithMergeJavaResForRelease
:sample:packageRelease
:sample:assembleRelease
:sample:assemble
:sample:lint
Ran lint on variant release: 206 issues found
Ran lint on variant debug: 220 issues found
Wrote HTML report to file:///Users/ruirua/tests/actual/1fb5a37c-c2c1-4894-bdfe-f8d3d1384b42/latest/_TRANSFORMED_/sample/build/reports/lint-results.html
Wrote XML report to file:///Users/ruirua/tests/actual/1fb5a37c-c2c1-4894-bdfe-f8d3d1384b42/latest/_TRANSFORMED_/sample/build/reports/lint-results.xml
:sample:incrementalDebugUnitTestJavaCompilationSafeguard NO-SOURCE
:sample:javaPreCompileDebugUnitTest
:sample:preDebugUnitTestBuild UP-TO-DATE
:sample:prepareDebugUnitTestDependencies
:sample:compileDebugUnitTestJavaWithJavac NO-SOURCE
:sample:processDebugUnitTestJavaRes NO-SOURCE
:sample:compileDebugUnitTestSources UP-TO-DATE
:sample:mockableAndroidJar
:sample:assembleDebugUnitTest
:sample:testDebugUnitTest NO-SOURCE
:sample:incrementalReleaseUnitTestJavaCompilationSafeguard NO-SOURCE
:sample:javaPreCompileReleaseUnitTest
:sample:preReleaseUnitTestBuild UP-TO-DATE
:sample:prepareReleaseUnitTestDependencies
:sample:compileReleaseUnitTestJavaWithJavac NO-SOURCE
:sample:processReleaseUnitTestJavaRes NO-SOURCE
:sample:compileReleaseUnitTestSources UP-TO-DATE
:sample:assembleReleaseUnitTest
:sample:testReleaseUnitTest NO-SOURCE
:sample:test UP-TO-DATE
:sample:check
:sample:build
:zxing-android:checkDebugManifest
:zxing-android:prepareDebugDependencies
:zxing-android:compileDebugAidl
:zxing-android:compileDebugNdk NO-SOURCE
:zxing-android:copyDebugLint NO-SOURCE
:zxing-android:compileDebugRenderscript
:zxing-android:generateDebugBuildConfig
:zxing-android:generateDebugResValues
:zxing-android:generateDebugResources
:zxing-android:mergeDebugResources
:zxing-android:processDebugManifest
:zxing-android:processDebugResources
:zxing-android:generateDebugSources
:zxing-android:incrementalDebugJavaCompilationSafeguard
:zxing-android:javaPreCompileDebug
:zxing-android:compileDebugJavaWithJavacNote: Some input files use or override a deprecated API.
Note: Recompile with -Xlint:deprecation for details.

:zxing-android:extractDebugAnnotations
:zxing-android:mergeDebugShaders
:zxing-android:compileDebugShaders
:zxing-android:generateDebugAssets
:zxing-android:mergeDebugAssets
:zxing-android:mergeDebugProguardFiles
:zxing-android:packageDebugRenderscript NO-SOURCE
:zxing-android:packageDebugResources
:zxing-android:processDebugJavaRes NO-SOURCE
:zxing-android:transformResourcesWithMergeJavaResForDebug
:zxing-android:transformClassesAndResourcesWithSyncLibJarsForDebug
:zxing-android:mergeDebugJniLibFolders
:zxing-android:transformNativeLibsWithMergeJniLibsForDebug
:zxing-android:transformNativeLibsWithSyncJniLibsForDebug
:zxing-android:bundleDebug
:zxing-android:compileDebugSources
:zxing-android:assembleDebug
:zxing-android:compileReleaseSources
:zxing-android:assembleRelease
:zxing-android:assemble
:zxing-android:lint
Ran lint on variant debug: 165 issues found
Ran lint on variant release: 165 issues found
Wrote HTML report to file:///Users/ruirua/tests/actual/1fb5a37c-c2c1-4894-bdfe-f8d3d1384b42/latest/_TRANSFORMED_/zxing-android/build/reports/lint-results.html
Wrote XML report to file:///Users/ruirua/tests/actual/1fb5a37c-c2c1-4894-bdfe-f8d3d1384b42/latest/_TRANSFORMED_/zxing-android/build/reports/lint-results.xml
:zxing-android:incrementalDebugUnitTestJavaCompilationSafeguard NO-SOURCE
:zxing-android:javaPreCompileDebugUnitTest
:zxing-android:prepareDebugUnitTestDependencies
:zxing-android:compileDebugUnitTestJavaWithJavac NO-SOURCE
:zxing-android:processDebugUnitTestJavaRes NO-SOURCE
:zxing-android:compileDebugUnitTestSources UP-TO-DATE
:zxing-android:mockableAndroidJar
:zxing-android:assembleDebugUnitTest
:zxing-android:testDebugUnitTest NO-SOURCE
:zxing-android:incrementalReleaseUnitTestJavaCompilationSafeguard NO-SOURCE
:zxing-android:javaPreCompileReleaseUnitTest
:zxing-android:prepareReleaseUnitTestDependencies
:zxing-android:compileReleaseUnitTestJavaWithJavac NO-SOURCE
:zxing-android:processReleaseUnitTestJavaRes NO-SOURCE
:zxing-android:compileReleaseUnitTestSources UP-TO-DATE
:zxing-android:assembleReleaseUnitTest
:zxing-android:testReleaseUnitTest NO-SOURCE
:zxing-android:test UP-TO-DATE
:zxing-android:check
:zxing-android:build
:library:prepareDebugAndroidTestDependencies
:library:compileDebugAndroidTestAidl
:library:processDebugAndroidTestManifest
:library:compileDebugAndroidTestRenderscript
:library:generateDebugAndroidTestBuildConfig
:library:generateDebugAndroidTestResValues
:library:generateDebugAndroidTestResources
:library:mergeDebugAndroidTestResources
:library:processDebugAndroidTestResources
:library:generateDebugAndroidTestSources
:library:incrementalDebugAndroidTestJavaCompilationSafeguard
:library:javaPreCompileDebugAndroidTest
:library:compileDebugAndroidTestJavaWithJavac
:library:compileDebugAndroidTestNdk NO-SOURCE
:library:compileDebugAndroidTestSources
:library:mergeDebugAndroidTestShaders
:library:compileDebugAndroidTestShaders
:library:generateDebugAndroidTestAssets
:library:mergeDebugAndroidTestAssets
:library:transformClassesWithDexForDebugAndroidTest

Running dex as a separate process.

To run dex in process, the Gradle daemon needs a larger heap.
It currently has 1024 MB.
For faster builds, increase the maximum heap size for the Gradle daemon to at least 2560 MB (based on the dexOptions.javaMaxHeapSize = 2g).
To do this set org.gradle.jvmargs=-Xmx2560M in the project gradle.properties.
For more information see https://docs.gradle.org/current/userguide/build_environment.html

:library:mergeDebugAndroidTestJniLibFolders
:library:transformNativeLibsWithMergeJniLibsForDebugAndroidTest
:library:processDebugAndroidTestJavaRes NO-SOURCE
:library:transformResourcesWithMergeJavaResForDebugAndroidTest
:library:validateSigningDebugAndroidTest
:library:packageDebugAndroidTest
:library:assembleDebugAndroidTest
:library:assembleAndroidTest
:sample:preDebugAndroidTestBuild UP-TO-DATE
:sample:prepareDebugAndroidTestDependencies
:sample:compileDebugAndroidTestAidl
:sample:processDebugAndroidTestManifest
:sample:compileDebugAndroidTestRenderscript
:sample:generateDebugAndroidTestBuildConfig
:sample:generateDebugAndroidTestResValues
:sample:generateDebugAndroidTestResources
:sample:mergeDebugAndroidTestResources
:sample:processDebugAndroidTestResources
:sample:generateDebugAndroidTestSources
:sample:incrementalDebugAndroidTestJavaCompilationSafeguard
:sample:javaPreCompileDebugAndroidTest
:sample:compileDebugAndroidTestJavaWithJavac
:sample:compileDebugAndroidTestNdk NO-SOURCE
:sample:compileDebugAndroidTestSources
:sample:mergeDebugAndroidTestShaders
:sample:compileDebugAndroidTestShaders
:sample:generateDebugAndroidTestAssets
:sample:mergeDebugAndroidTestAssets
:sample:transformClassesWithDexForDebugAndroidTest
:sample:mergeDebugAndroidTestJniLibFolders
:sample:transformNativeLibsWithMergeJniLibsForDebugAndroidTest
:sample:processDebugAndroidTestJavaRes NO-SOURCE
:sample:transformResourcesWithMergeJavaResForDebugAndroidTest
:sample:validateSigningDebugAndroidTest
:sample:packageDebugAndroidTest
:sample:assembleDebugAndroidTest
:sample:assembleAndroidTest
:zxing-android:prepareDebugAndroidTestDependencies
:zxing-android:compileDebugAndroidTestAidl
:zxing-android:processDebugAndroidTestManifest
:zxing-android:compileDebugAndroidTestRenderscript
:zxing-android:generateDebugAndroidTestBuildConfig
:zxing-android:generateDebugAndroidTestResValues
:zxing-android:generateDebugAndroidTestResources
:zxing-android:mergeDebugAndroidTestResources
:zxing-android:processDebugAndroidTestResources
:zxing-android:generateDebugAndroidTestSources
:zxing-android:incrementalDebugAndroidTestJavaCompilationSafeguard
:zxing-android:javaPreCompileDebugAndroidTest
:zxing-android:compileDebugAndroidTestJavaWithJavac
:zxing-android:compileDebugAndroidTestNdk NO-SOURCE
:zxing-android:compileDebugAndroidTestSources
:zxing-android:mergeDebugAndroidTestShaders
:zxing-android:compileDebugAndroidTestShaders
:zxing-android:generateDebugAndroidTestAssets
:zxing-android:mergeDebugAndroidTestAssets
:zxing-android:transformClassesWithDexForDebugAndroidTest

Running dex as a separate process.

To run dex in process, the Gradle daemon needs a larger heap.
It currently has 1024 MB.
For faster builds, increase the maximum heap size for the Gradle daemon to at least 2560 MB (based on the dexOptions.javaMaxHeapSize = 2g).
To do this set org.gradle.jvmargs=-Xmx2560M in the project gradle.properties.
For more information see https://docs.gradle.org/current/userguide/build_environment.html

:zxing-android:mergeDebugAndroidTestJniLibFolders
:zxing-android:transformNativeLibsWithMergeJniLibsForDebugAndroidTest
:zxing-android:processDebugAndroidTestJavaRes NO-SOURCE
:zxing-android:transformResourcesWithMergeJavaResForDebugAndroidTest
:zxing-android:validateSigningDebugAndroidTest
:zxing-android:packageDebugAndroidTest
:zxing-android:assembleDebugAndroidTest
:zxing-android:assembleAndroidTest

BUILD SUCCESSFUL in 33s
229 actionable tasks: 229 executed
