




testApp
testApp
testApp
testApp
00aa855c-7be4-4830-9846-c46ffbdaebc2
00aa855c-7be4-4830-9846-c46ffbdaebc2
SimpleApp
SimpleApp
00aa855c-7be4-4830-9846-c46ffbdaebc2
00aa855c-7be4-4830-9846-c46ffbdaebc2
00aa855c-7be4-4830-9846-c46ffbdaebc2
00aa855c-7be4-4830-9846-c46ffbdaebc2
82176eea-ecff-4b80-8ec5-a8be1b4364f9
82176eea-ecff-4b80-8ec5-a8be1b4364f9
82176eea-ecff-4b80-8ec5-a8be1b4364f9
82176eea-ecff-4b80-8ec5-a8be1b4364f9
82176eea-ecff-4b80-8ec5-a8be1b4364f9
82176eea-ecff-4b80-8ec5-a8be1b4364f9
82176eea-ecff-4b80-8ec5-a8be1b4364f9
82176eea-ecff-4b80-8ec5-a8be1b4364f9
82176eea-ecff-4b80-8ec5-a8be1b4364f9
82176eea-ecff-4b80-8ec5-a8be1b4364f9
1fb5a37c-c2c1-4894-bdfe-f8d3d1384b42
2a3e308b-a970-412c-a268-c040bf2f2dd5
2bb46be6-f071-413d-9221-c090a8f0cb29
1fb5a37c-c2c1-4894-bdfe-f8d3d1384b42
1fb5a37c-c2c1-4894-bdfe-f8d3d1384b42
1fb5a37c-c2c1-4894-bdfe-f8d3d1384b42
1fb5a37c-c2c1-4894-bdfe-f8d3d1384b42
1fb5a37c-c2c1-4894-bdfe-f8d3d1384b42
1fb5a37c-c2c1-4894-bdfe-f8d3d1384b42
1fb5a37c-c2c1-4894-bdfe-f8d3d1384b42
1fb5a37c-c2c1-4894-bdfe-f8d3d1384b42
