Buildfile: /home/greenlab/androidTests/dbba842e-d83d-42e7-9a2b-0137a7946ebe/latest/core/res/_TRANSFORMED_/tests/build.xml

-check-env:
 [checkenv] Android SDK Tools Revision 25.2.5
 [checkenv] Installed at /home/greenlab/android-sdk-linux

-setup:
     [echo] Project Name: Green
  [gettype] Project Type: Test Application

-pre-clean:

clean:

-check-env:
 [checkenv] Android SDK Tools Revision 25.2.5
 [checkenv] Installed at /home/greenlab/android-sdk-linux

-setup:
     [echo] Project Name: Green
  [gettype] Project Type: Application

-pre-clean:

clean:
[getlibpath] Library dependencies:
[getlibpath] No Libraries
   [subant] No sub-builds to iterate on
[getlibpath] Library dependencies:
[getlibpath] No Libraries
   [subant] No sub-builds to iterate on

-set-mode-check:

-set-debug-files:

-check-env:
 [checkenv] Android SDK Tools Revision 25.2.5
 [checkenv] Installed at /home/greenlab/android-sdk-linux

-setup:
     [echo] Project Name: Green
  [gettype] Project Type: Test Application

-set-debug-mode:

-debug-obfuscation-check:

-pre-build:

-build-setup:
[getbuildtools] Using latest Build Tools: 26.0.0
     [echo] Resolving Build Target for Green...
[gettarget] Project Target:   Android 5.0.1
[gettarget] API level:        21
[gettarget] WARNING: No minSdkVersion value set. Application will install on all Android versions.
     [echo] ----------
     [echo] Creating output directories if needed...
    [mkdir] Created dir: /home/greenlab/androidTests/dbba842e-d83d-42e7-9a2b-0137a7946ebe/latest/core/res/_TRANSFORMED_/tests/bin
    [mkdir] Created dir: /home/greenlab/androidTests/dbba842e-d83d-42e7-9a2b-0137a7946ebe/latest/core/res/_TRANSFORMED_/tests/bin/res
    [mkdir] Created dir: /home/greenlab/androidTests/dbba842e-d83d-42e7-9a2b-0137a7946ebe/latest/core/res/_TRANSFORMED_/tests/bin/rsObj
    [mkdir] Created dir: /home/greenlab/androidTests/dbba842e-d83d-42e7-9a2b-0137a7946ebe/latest/core/res/_TRANSFORMED_/tests/bin/rsLibs
    [mkdir] Created dir: /home/greenlab/androidTests/dbba842e-d83d-42e7-9a2b-0137a7946ebe/latest/core/res/_TRANSFORMED_/tests/gen
    [mkdir] Created dir: /home/greenlab/androidTests/dbba842e-d83d-42e7-9a2b-0137a7946ebe/latest/core/res/_TRANSFORMED_/tests/bin/classes
    [mkdir] Created dir: /home/greenlab/androidTests/dbba842e-d83d-42e7-9a2b-0137a7946ebe/latest/core/res/_TRANSFORMED_/tests/bin/dexedLibs
     [echo] ----------
     [echo] Resolving Dependencies for Green...
[dependency] Ordered libraries:
[dependency] 
[dependency] ------------------
     [echo] ----------
     [echo] Building Libraries with 'debug'...
   [subant] No sub-builds to iterate on
     [echo] ----------
     [echo] Building tested project at /home/greenlab/androidTests/dbba842e-d83d-42e7-9a2b-0137a7946ebe/latest/core/res/_TRANSFORMED_ with 'debug'...

-set-mode-check:

-set-debug-files:

-check-env:
 [checkenv] Android SDK Tools Revision 25.2.5
 [checkenv] Installed at /home/greenlab/android-sdk-linux

-setup:
     [echo] Project Name: Green
  [gettype] Project Type: Application

-set-debug-mode:

-debug-obfuscation-check:

-pre-build:

-build-setup:
[getbuildtools] Using latest Build Tools: 26.0.0
     [echo] Resolving Build Target for Green...
[gettarget] Project Target:   Android 5.0.1
[gettarget] API level:        21

BUILD FAILED
/home/greenlab/android-sdk-linux/tools/ant/build.xml:616: The following error occurred while executing this line:
/home/greenlab/android-sdk-linux/tools/ant/build.xml:538: Application package 'android' must have a minimum of 2 segments.

Total time: 0 seconds
